<?xml version="1.0" encoding="UTF-8"?>
<!-- Generated by org.testng.reporters.JUnitXMLReporter -->
<testsuite ignored="2" hostname="DESKTOP-J8OHI1I" failures="0" tests="2" name="Test on Firefox" time="0.122" errors="0" timestamp="2024-09-23T15:49:27 IST">
  <testcase classname="MavenProjects.Selenium.Project1.AmazonLaunch_Quit" name="@BeforeMethod Launch_Chrome" time="0.014">
    <failure type="java.lang.NullPointerException" message="Cannot invoke &amp;quot;org.openqa.selenium.WebDriver.manage()&amp;quot; because &amp;quot;this.driver&amp;quot; is null">
      <![CDATA[java.lang.NullPointerException: Cannot invoke "org.openqa.selenium.WebDriver.manage()" because "this.driver" is null
at MavenProjects.Selenium.Project1.AmazonLaunch_Quit.Launch_Chrome(AmazonLaunch_Quit.java:26)
at java.base/java.util.ArrayList.forEach(ArrayList.java:1511)
at java.base/java.util.concurrent.FutureTask.run(FutureTask.java:264)
at java.base/java.util.concurrent.ThreadPoolExecutor.runWorker(ThreadPoolExecutor.java:1136)
at java.base/java.util.concurrent.ThreadPoolExecutor$Worker.run(ThreadPoolExecutor.java:635)
at java.base/java.lang.Thread.run(Thread.java:842)
... Removed 22 stack frames]]>
    </failure>
  </testcase> <!-- @BeforeMethod Launch_Chrome -->
  <testcase classname="MavenProjects.Selenium.Project1.AmazonLaunch_Quit" name="@AfterMethod Quit" time="-1.727086766958E9">
    <skipped/>
  </testcase> <!-- @AfterMethod Quit -->
  <testcase classname="MavenProjects.Selenium.Project1.AmazonLaunch_Quit" name="@BeforeMethod Launch_Chrome" time="0.001">
    <failure type="java.lang.NullPointerException" message="Cannot invoke &amp;quot;org.openqa.selenium.WebDriver.manage()&amp;quot; because &amp;quot;this.driver&amp;quot; is null">
      <![CDATA[java.lang.NullPointerException: Cannot invoke "org.openqa.selenium.WebDriver.manage()" because "this.driver" is null
at MavenProjects.Selenium.Project1.AmazonLaunch_Quit.Launch_Chrome(AmazonLaunch_Quit.java:26)
at java.base/java.util.ArrayList.forEach(ArrayList.java:1511)
at java.base/java.util.concurrent.FutureTask.run(FutureTask.java:264)
at java.base/java.util.concurrent.ThreadPoolExecutor.runWorker(ThreadPoolExecutor.java:1136)
at java.base/java.util.concurrent.ThreadPoolExecutor$Worker.run(ThreadPoolExecutor.java:635)
at java.base/java.lang.Thread.run(Thread.java:842)
... Removed 22 stack frames]]>
    </failure>
  </testcase> <!-- @BeforeMethod Launch_Chrome -->
  <testcase classname="MavenProjects.Selenium.Project1.AmazonLaunch_Quit" name="@AfterMethod Quit" time="-1.727086766995E9">
    <skipped/>
  </testcase> <!-- @AfterMethod Quit -->
  <testcase classname="MavenProjects.Selenium.Project1.Amazon_TestCase1" name="Registration_Form" time="0.0">
    <skipped/>
  </testcase> <!-- Registration_Form -->
  <testcase classname="MavenProjects.Selenium.Project1.Amazon_TestCase2" name="Profile_update" time="0.0">
    <skipped/>
  </testcase> <!-- Profile_update -->
  <testcase classname="MavenProjects.Selenium.Project1.Amazon_TestCase2" name="InvalidLogin" time="0.0">
    <ignored/>
  </testcase> <!-- InvalidLogin -->
  <testcase classname="MavenProjects.Selenium.Project1.Amazon_TestCase2" name="Login_Page" time="0.0">
    <ignored/>
  </testcase> <!-- Login_Page -->
</testsuite> <!-- Test on Firefox -->
