<!DOCTYPE html PUBLIC "-//W3C//DTD XHTML 1.1//EN" "https://www.w3.org/TR/xhtml11/DTD/xhtml11.dtd">
<html xmlns="https://www.w3.org/1999/xhtml">
<head>
<meta http-equiv="content-type" content="text/html; charset=UTF-8"/>
<title>TestNG Report</title>
<style type="text/css">table {margin-bottom:10px;border-collapse:collapse;empty-cells:show}th,td {border:1px solid #009;padding:.25em .5em}th {vertical-align:bottom}td {vertical-align:top}table a {font-weight:bold}.stripe td {background-color: #E6EBF9}.num {text-align:right}.passedodd td {background-color: #3F3}.passedeven td {background-color: #0A0}.skippedodd td {background-color: #DDD}.skippedeven td {background-color: #CCC}.failedodd td,.attn {background-color: #F33}.failedeven td,.stripe .attn {background-color: #D00}.stacktrace {white-space:pre;font-family:monospace}.totop {font-size:85%;text-align:center;border-bottom:2px solid #000}.invisible {display:none}</style>
</head>
<body>
<table>
<tr><th>Test</th><th># Passed</th><th># Skipped</th><th># Retried</th><th># Failed</th><th>Time (ms)</th><th>Included Groups</th><th>Excluded Groups</th></tr>
<tr><th colspan="8">Suite</th></tr>
<tr><td><a href="#t0">Test</a></td><td class="num">6</td><td class="num">0</td><td class="num">0</td><td class="num attn">7</td><td class="num">412,568</td><td></td><td></td></tr>
</table>
<table id='summary'><thead><tr><th>Class</th><th>Method</th><th>Start</th><th>Time (ms)</th></tr></thead><tbody><tr><th colspan="4">Suite</th></tr></tbody><tbody id="t0"><tr><th colspan="4">Test &#8212; failed</th></tr><tr class="failedeven"><td rowspan="1">org.apache.maven.archetypes.maven_archetype_quickstart.TC09_SelectMultiplePassangers</td><td><a href="#m0">SelectMultiplPassangers</a></td><td rowspan="1">1729149640474</td><td rowspan="1">42496</td></tr><tr class="failedodd"><td rowspan="1">org.apache.maven.archetypes.maven_archetype_quickstart.TC10_validateallInfo</td><td><a href="#m1">VerifyDetails</a></td><td rowspan="1">1729149688277</td><td rowspan="1">33732</td></tr><tr class="failedeven"><td rowspan="1">org.apache.maven.archetypes.maven_archetype_quickstart.TC13_ApplyCouponCode</td><td><a href="#m2">ApplyCoupon_Code</a></td><td rowspan="1">1729149809211</td><td rowspan="1">31099</td></tr><tr class="failedodd"><td rowspan="1">org.apache.maven.archetypes.maven_archetype_quickstart.TC2_Login</td><td><a href="#m3">Login_Page</a></td><td rowspan="1">1729149993989</td><td rowspan="1">10661</td></tr><tr class="failedeven"><td rowspan="1">org.apache.maven.archetypes.maven_archetype_quickstart.TC3_InvalidLogin</td><td><a href="#m4">Invalid_Login</a></td><td rowspan="1">1729149851200</td><td rowspan="1">4746</td></tr><tr class="failedodd"><td rowspan="1">org.apache.maven.archetypes.maven_archetype_quickstart.TC5_RoundTrpi_Flights</td><td><a href="#m5">RountTrip</a></td><td rowspan="1">1729149941640</td><td rowspan="1">8947</td></tr><tr class="failedeven"><td rowspan="1">org.apache.maven.archetypes.maven_archetype_quickstart.TC8_SeatSelection</td><td><a href="#m6">Seat_Selection</a></td><td rowspan="1">1729149975078</td><td rowspan="1">10830</td></tr><tr><th colspan="4">Test &#8212; passed</th></tr><tr class="passedeven"><td rowspan="1">org.apache.maven.archetypes.maven_archetype_quickstart.TC11_VerifyTextField</td><td><a href="#m7">ContactDetails</a></td><td rowspan="1">1729149864410</td><td rowspan="1">25304</td></tr><tr class="passedodd"><td rowspan="1">org.apache.maven.archetypes.maven_archetype_quickstart.TC12_LoginandLogout</td><td><a href="#m8">logout</a></td><td rowspan="1">1729149901027</td><td rowspan="1">32245</td></tr><tr class="passedeven"><td rowspan="1">org.apache.maven.archetypes.maven_archetype_quickstart.TC15_Payment</td><td><a href="#m9">PaymentPage</a></td><td rowspan="1">1729149728563</td><td rowspan="1">37849</td></tr><tr class="passedodd"><td rowspan="1">org.apache.maven.archetypes.maven_archetype_quickstart.TC1_Registration</td><td><a href="#m10">Registration</a></td><td rowspan="1">1729149957140</td><td rowspan="1">5698</td></tr><tr class="passedeven"><td rowspan="1">org.apache.maven.archetypes.maven_archetype_quickstart.TC4_OneWayFlights</td><td><a href="#m11">OneWayFlighte</a></td><td rowspan="1">1729150018180</td><td rowspan="1">24358</td></tr><tr class="passedodd"><td rowspan="1">org.apache.maven.archetypes.maven_archetype_quickstart.TC6_DifferentClass</td><td><a href="#m12">DifferentClass</a></td><td rowspan="1">1729149774535</td><td rowspan="1">24065</td></tr></tbody>
</table>
<h2>Test</h2><h3 id="m0">org.apache.maven.archetypes.maven_archetype_quickstart.TC09_SelectMultiplePassangers#SelectMultiplPassangers</h3><table class="result"><tr><th>Messages</th></tr><tr><td><div class="messages">After typing email continue btn is working<br/>My TestCase is fail</div></td></tr><tr><th>Exception</th></tr><tr><td><div class="stacktrace">java.lang.NullPointerException: Cannot invoke &quot;org.openqa.selenium.WebDriver.getClass()&quot; because &quot;exceptionDriver&quot; is null
	at org.openqa.selenium.support.ui.WebDriverWait.timeoutException(WebDriverWait.java:85)
	at org.openqa.selenium.support.ui.FluentWait.until(FluentWait.java:228)
	at org.apache.maven.archetypes.maven_archetype_quickstart.Flight_SeatPage.AddNew_Child(Flight_SeatPage.java:144)
	at org.apache.maven.archetypes.maven_archetype_quickstart.TC09_SelectMultiplePassangers.SelectMultiplPassangers(TC09_SelectMultiplePassangers.java:40)
	at java.base/java.util.ArrayList.forEach(ArrayList.java:1511)
... Removed 27 stack frames</div></td></tr></table><p class="totop"><a href="#summary">back to summary</a></p>
<h3 id="m1">org.apache.maven.archetypes.maven_archetype_quickstart.TC10_validateallInfo#VerifyDetails</h3><table class="result"><tr><th>Messages</th></tr><tr><td><div class="messages">After typing email continue btn is working<br/>My TestCase is fail</div></td></tr><tr><th>Exception</th></tr><tr><td><div class="stacktrace">java.lang.NullPointerException: Cannot invoke &quot;org.openqa.selenium.WebDriver.getClass()&quot; because &quot;exceptionDriver&quot; is null
	at org.openqa.selenium.support.ui.WebDriverWait.timeoutException(WebDriverWait.java:85)
	at org.openqa.selenium.support.ui.FluentWait.until(FluentWait.java:228)
	at org.apache.maven.archetypes.maven_archetype_quickstart.SearchResultPage.FlightInfo(SearchResultPage.java:35)
	at org.apache.maven.archetypes.maven_archetype_quickstart.TC10_validateallInfo.VerifyDetails(TC10_validateallInfo.java:35)
	at java.base/java.util.ArrayList.forEach(ArrayList.java:1511)
... Removed 27 stack frames</div></td></tr></table><p class="totop"><a href="#summary">back to summary</a></p>
<h3 id="m2">org.apache.maven.archetypes.maven_archetype_quickstart.TC13_ApplyCouponCode#ApplyCoupon_Code</h3><table class="result"><tr><th>Messages</th></tr><tr><td><div class="messages">After typing email continue btn is working<br/>My TestCase is fail</div></td></tr><tr><th>Exception</th></tr><tr><td><div class="stacktrace">java.lang.NullPointerException: Cannot invoke &quot;org.openqa.selenium.WebDriver.getClass()&quot; because &quot;exceptionDriver&quot; is null
	at org.openqa.selenium.support.ui.WebDriverWait.timeoutException(WebDriverWait.java:85)
	at org.openqa.selenium.support.ui.FluentWait.until(FluentWait.java:228)
	at org.apache.maven.archetypes.maven_archetype_quickstart.SearchResultPage.FlightInfo(SearchResultPage.java:35)
	at org.apache.maven.archetypes.maven_archetype_quickstart.TC13_ApplyCouponCode.ApplyCoupon_Code(TC13_ApplyCouponCode.java:34)
	at java.base/java.util.ArrayList.forEach(ArrayList.java:1511)
... Removed 27 stack frames</div></td></tr></table><p class="totop"><a href="#summary">back to summary</a></p>
<h3 id="m3">org.apache.maven.archetypes.maven_archetype_quickstart.TC2_Login#Login_Page</h3><table class="result"><tr><th>Messages</th></tr><tr><td><div class="messages">After typing email continue btn is working<br/>My TestCase is fail</div></td></tr><tr><th>Exception</th></tr><tr><td><div class="stacktrace">org.openqa.selenium.NoSuchElementException: no such element: Unable to locate element: {&quot;method&quot;:&quot;xpath&quot;,&quot;selector&quot;:&quot;//span[@id=&quot;nav-link-accountList-nav-line-1&quot;]&quot;}
  (Session info: chrome=130.0.6723.58)
For documentation on this error, please visit: https://www.selenium.dev/documentation/webdriver/troubleshooting/errors#no-such-element-exception
Build info: version: &apos;4.23.1&apos;, revision: &apos;656257d8e9&apos;
System info: os.name: &apos;Windows 10&apos;, os.arch: &apos;amd64&apos;, os.version: &apos;10.0&apos;, java.version: &apos;17.0.10&apos;
Driver info: org.openqa.selenium.chrome.ChromeDriver
Command: [5f5f9e43bbc4851e906163dcf50f711b, findElement {using=xpath, value=//span[@id=&quot;nav-link-accountList-nav-line-1&quot;]}]
Capabilities {acceptInsecureCerts: false, browserName: chrome, browserVersion: 130.0.6723.58, chrome: {chromedriverVersion: 130.0.6723.58 (3a50e012e4c9..., userDataDir: C:\Users\harsh\AppData\Loca...}, fedcm:accounts: true, goog:chromeOptions: {debuggerAddress: localhost:59382}, networkConnectionEnabled: false, pageLoadStrategy: normal, platformName: windows, proxy: Proxy(), se:cdp: ws://localhost:59382/devtoo..., se:cdpVersion: 130.0.6723.58, setWindowRect: true, strictFileInteractability: false, timeouts: {implicit: 0, pageLoad: 300000, script: 30000}, unhandledPromptBehavior: dismiss and notify, webauthn:extension:credBlob: true, webauthn:extension:largeBlob: true, webauthn:extension:minPinLength: true, webauthn:extension:prf: true, webauthn:virtualAuthenticators: true}
Session ID: 5f5f9e43bbc4851e906163dcf50f711b
	at org.openqa.selenium.remote.ErrorCodec.decode(ErrorCodec.java:167)
	at org.openqa.selenium.remote.codec.w3c.W3CHttpResponseCodec.decode(W3CHttpResponseCodec.java:138)
	at org.openqa.selenium.remote.codec.w3c.W3CHttpResponseCodec.decode(W3CHttpResponseCodec.java:50)
	at org.openqa.selenium.remote.HttpCommandExecutor.execute(HttpCommandExecutor.java:190)
	at org.openqa.selenium.remote.service.DriverCommandExecutor.invokeExecute(DriverCommandExecutor.java:216)
	at org.openqa.selenium.remote.service.DriverCommandExecutor.execute(DriverCommandExecutor.java:174)
	at org.openqa.selenium.remote.RemoteWebDriver.execute(RemoteWebDriver.java:545)
	at org.openqa.selenium.remote.ElementLocation$ElementFinder$2.findElement(ElementLocation.java:165)
	at org.openqa.selenium.remote.ElementLocation.findElement(ElementLocation.java:59)
	at org.openqa.selenium.remote.RemoteWebDriver.findElement(RemoteWebDriver.java:368)
	at org.openqa.selenium.remote.RemoteWebDriver.findElement(RemoteWebDriver.java:362)
	at org.openqa.selenium.support.pagefactory.DefaultElementLocator.findElement(DefaultElementLocator.java:68)
	at org.openqa.selenium.support.pagefactory.internal.LocatingElementHandler.invoke(LocatingElementHandler.java:38)
	at jdk.proxy2/jdk.proxy2.$Proxy14.isDisplayed(Unknown Source)
	at org.apache.maven.archetypes.maven_archetype_quickstart.LoginPage.Submit(LoginPage.java:113)
	at org.apache.maven.archetypes.maven_archetype_quickstart.TC2_Login.Login_Page(TC2_Login.java:20)
	at java.base/java.util.ArrayList.forEach(ArrayList.java:1511)
... Removed 31 stack frames</div></td></tr></table><p class="totop"><a href="#summary">back to summary</a></p>
<h3 id="m4">org.apache.maven.archetypes.maven_archetype_quickstart.TC3_InvalidLogin#Invalid_Login</h3><table class="result"><tr><th>Messages</th></tr><tr><td><div class="messages">Erroe message is displayed<br/>My TestCase is fail</div></td></tr><tr><th>Exception</th></tr><tr><td><div class="stacktrace">org.openqa.selenium.NoSuchElementException: no such element: Unable to locate element: {&quot;method&quot;:&quot;css selector&quot;,&quot;selector&quot;:&quot;#ap_password&quot;}
  (Session info: chrome=130.0.6723.58)
For documentation on this error, please visit: https://www.selenium.dev/documentation/webdriver/troubleshooting/errors#no-such-element-exception
Build info: version: &apos;4.23.1&apos;, revision: &apos;656257d8e9&apos;
System info: os.name: &apos;Windows 10&apos;, os.arch: &apos;amd64&apos;, os.version: &apos;10.0&apos;, java.version: &apos;17.0.10&apos;
Driver info: org.openqa.selenium.chrome.ChromeDriver
Command: [2a6b47da8020032f219931810599b4fd, findElement {using=id, value=ap_password}]
Capabilities {acceptInsecureCerts: false, browserName: chrome, browserVersion: 130.0.6723.58, chrome: {chromedriverVersion: 130.0.6723.58 (3a50e012e4c9..., userDataDir: C:\Users\harsh\AppData\Loca...}, fedcm:accounts: true, goog:chromeOptions: {debuggerAddress: localhost:58669}, networkConnectionEnabled: false, pageLoadStrategy: normal, platformName: windows, proxy: Proxy(), se:cdp: ws://localhost:58669/devtoo..., se:cdpVersion: 130.0.6723.58, setWindowRect: true, strictFileInteractability: false, timeouts: {implicit: 0, pageLoad: 300000, script: 30000}, unhandledPromptBehavior: dismiss and notify, webauthn:extension:credBlob: true, webauthn:extension:largeBlob: true, webauthn:extension:minPinLength: true, webauthn:extension:prf: true, webauthn:virtualAuthenticators: true}
Session ID: 2a6b47da8020032f219931810599b4fd
	at org.openqa.selenium.remote.ErrorCodec.decode(ErrorCodec.java:167)
	at org.openqa.selenium.remote.codec.w3c.W3CHttpResponseCodec.decode(W3CHttpResponseCodec.java:138)
	at org.openqa.selenium.remote.codec.w3c.W3CHttpResponseCodec.decode(W3CHttpResponseCodec.java:50)
	at org.openqa.selenium.remote.HttpCommandExecutor.execute(HttpCommandExecutor.java:190)
	at org.openqa.selenium.remote.service.DriverCommandExecutor.invokeExecute(DriverCommandExecutor.java:216)
	at org.openqa.selenium.remote.service.DriverCommandExecutor.execute(DriverCommandExecutor.java:174)
	at org.openqa.selenium.remote.RemoteWebDriver.execute(RemoteWebDriver.java:545)
	at org.openqa.selenium.remote.ElementLocation$ElementFinder$2.findElement(ElementLocation.java:165)
	at org.openqa.selenium.remote.ElementLocation.findElement(ElementLocation.java:59)
	at org.openqa.selenium.remote.RemoteWebDriver.findElement(RemoteWebDriver.java:368)
	at org.openqa.selenium.remote.RemoteWebDriver.findElement(RemoteWebDriver.java:362)
	at org.openqa.selenium.support.pagefactory.DefaultElementLocator.findElement(DefaultElementLocator.java:68)
	at org.openqa.selenium.support.pagefactory.internal.LocatingElementHandler.invoke(LocatingElementHandler.java:38)
	at jdk.proxy2/jdk.proxy2.$Proxy14.sendKeys(Unknown Source)
	at org.apache.maven.archetypes.maven_archetype_quickstart.InvalidLogin.password(InvalidLogin.java:65)
	at org.apache.maven.archetypes.maven_archetype_quickstart.TC3_InvalidLogin.Invalid_Login(TC3_InvalidLogin.java:17)
	at java.base/java.util.ArrayList.forEach(ArrayList.java:1511)
... Removed 31 stack frames</div></td></tr></table><p class="totop"><a href="#summary">back to summary</a></p>
<h3 id="m5">org.apache.maven.archetypes.maven_archetype_quickstart.TC5_RoundTrpi_Flights#RountTrip</h3><table class="result"><tr><th>Messages</th></tr><tr><td><div class="messages">After typing email continue btn is working<br/>My TestCase is fail</div></td></tr><tr><th>Exception</th></tr><tr><td><div class="stacktrace">org.openqa.selenium.NoSuchElementException: no such element: Unable to locate element: {&quot;method&quot;:&quot;xpath&quot;,&quot;selector&quot;:&quot;//span[@id=&quot;nav-link-accountList-nav-line-1&quot;]&quot;}
  (Session info: chrome=130.0.6723.58)
For documentation on this error, please visit: https://www.selenium.dev/documentation/webdriver/troubleshooting/errors#no-such-element-exception
Build info: version: &apos;4.23.1&apos;, revision: &apos;656257d8e9&apos;
System info: os.name: &apos;Windows 10&apos;, os.arch: &apos;amd64&apos;, os.version: &apos;10.0&apos;, java.version: &apos;17.0.10&apos;
Driver info: org.openqa.selenium.chrome.ChromeDriver
Command: [567b56ac84a2135184c34b2b87e963cc, findElement {using=xpath, value=//span[@id=&quot;nav-link-accountList-nav-line-1&quot;]}]
Capabilities {acceptInsecureCerts: false, browserName: chrome, browserVersion: 130.0.6723.58, chrome: {chromedriverVersion: 130.0.6723.58 (3a50e012e4c9..., userDataDir: C:\Users\harsh\AppData\Loca...}, fedcm:accounts: true, goog:chromeOptions: {debuggerAddress: localhost:59157}, networkConnectionEnabled: false, pageLoadStrategy: normal, platformName: windows, proxy: Proxy(), se:cdp: ws://localhost:59157/devtoo..., se:cdpVersion: 130.0.6723.58, setWindowRect: true, strictFileInteractability: false, timeouts: {implicit: 0, pageLoad: 300000, script: 30000}, unhandledPromptBehavior: dismiss and notify, webauthn:extension:credBlob: true, webauthn:extension:largeBlob: true, webauthn:extension:minPinLength: true, webauthn:extension:prf: true, webauthn:virtualAuthenticators: true}
Session ID: 567b56ac84a2135184c34b2b87e963cc
	at org.openqa.selenium.remote.ErrorCodec.decode(ErrorCodec.java:167)
	at org.openqa.selenium.remote.codec.w3c.W3CHttpResponseCodec.decode(W3CHttpResponseCodec.java:138)
	at org.openqa.selenium.remote.codec.w3c.W3CHttpResponseCodec.decode(W3CHttpResponseCodec.java:50)
	at org.openqa.selenium.remote.HttpCommandExecutor.execute(HttpCommandExecutor.java:190)
	at org.openqa.selenium.remote.service.DriverCommandExecutor.invokeExecute(DriverCommandExecutor.java:216)
	at org.openqa.selenium.remote.service.DriverCommandExecutor.execute(DriverCommandExecutor.java:174)
	at org.openqa.selenium.remote.RemoteWebDriver.execute(RemoteWebDriver.java:545)
	at org.openqa.selenium.remote.ElementLocation$ElementFinder$2.findElement(ElementLocation.java:165)
	at org.openqa.selenium.remote.ElementLocation.findElement(ElementLocation.java:59)
	at org.openqa.selenium.remote.RemoteWebDriver.findElement(RemoteWebDriver.java:368)
	at org.openqa.selenium.remote.RemoteWebDriver.findElement(RemoteWebDriver.java:362)
	at org.openqa.selenium.support.pagefactory.DefaultElementLocator.findElement(DefaultElementLocator.java:68)
	at org.openqa.selenium.support.pagefactory.internal.LocatingElementHandler.invoke(LocatingElementHandler.java:38)
	at jdk.proxy2/jdk.proxy2.$Proxy14.isDisplayed(Unknown Source)
	at org.apache.maven.archetypes.maven_archetype_quickstart.LoginPage.Submit(LoginPage.java:113)
	at org.apache.maven.archetypes.maven_archetype_quickstart.TC5_RoundTrpi_Flights.RountTrip(TC5_RoundTrpi_Flights.java:20)
	at java.base/java.util.ArrayList.forEach(ArrayList.java:1511)
... Removed 31 stack frames</div></td></tr></table><p class="totop"><a href="#summary">back to summary</a></p>
<h3 id="m6">org.apache.maven.archetypes.maven_archetype_quickstart.TC8_SeatSelection#Seat_Selection</h3><table class="result"><tr><th>Messages</th></tr><tr><td><div class="messages">After typing email continue btn is working<br/>My TestCase is fail</div></td></tr><tr><th>Exception</th></tr><tr><td><div class="stacktrace">org.openqa.selenium.NoSuchElementException: no such element: Unable to locate element: {&quot;method&quot;:&quot;xpath&quot;,&quot;selector&quot;:&quot;//span[@id=&quot;nav-link-accountList-nav-line-1&quot;]&quot;}
  (Session info: chrome=130.0.6723.58)
For documentation on this error, please visit: https://www.selenium.dev/documentation/webdriver/troubleshooting/errors#no-such-element-exception
Build info: version: &apos;4.23.1&apos;, revision: &apos;656257d8e9&apos;
System info: os.name: &apos;Windows 10&apos;, os.arch: &apos;amd64&apos;, os.version: &apos;10.0&apos;, java.version: &apos;17.0.10&apos;
Driver info: org.openqa.selenium.chrome.ChromeDriver
Command: [7b700c59ce892a711a3f366e97ac0c96, findElement {using=xpath, value=//span[@id=&quot;nav-link-accountList-nav-line-1&quot;]}]
Capabilities {acceptInsecureCerts: false, browserName: chrome, browserVersion: 130.0.6723.58, chrome: {chromedriverVersion: 130.0.6723.58 (3a50e012e4c9..., userDataDir: C:\Users\harsh\AppData\Loca...}, fedcm:accounts: true, goog:chromeOptions: {debuggerAddress: localhost:59283}, networkConnectionEnabled: false, pageLoadStrategy: normal, platformName: windows, proxy: Proxy(), se:cdp: ws://localhost:59283/devtoo..., se:cdpVersion: 130.0.6723.58, setWindowRect: true, strictFileInteractability: false, timeouts: {implicit: 0, pageLoad: 300000, script: 30000}, unhandledPromptBehavior: dismiss and notify, webauthn:extension:credBlob: true, webauthn:extension:largeBlob: true, webauthn:extension:minPinLength: true, webauthn:extension:prf: true, webauthn:virtualAuthenticators: true}
Session ID: 7b700c59ce892a711a3f366e97ac0c96
	at org.openqa.selenium.remote.ErrorCodec.decode(ErrorCodec.java:167)
	at org.openqa.selenium.remote.codec.w3c.W3CHttpResponseCodec.decode(W3CHttpResponseCodec.java:138)
	at org.openqa.selenium.remote.codec.w3c.W3CHttpResponseCodec.decode(W3CHttpResponseCodec.java:50)
	at org.openqa.selenium.remote.HttpCommandExecutor.execute(HttpCommandExecutor.java:190)
	at org.openqa.selenium.remote.service.DriverCommandExecutor.invokeExecute(DriverCommandExecutor.java:216)
	at org.openqa.selenium.remote.service.DriverCommandExecutor.execute(DriverCommandExecutor.java:174)
	at org.openqa.selenium.remote.RemoteWebDriver.execute(RemoteWebDriver.java:545)
	at org.openqa.selenium.remote.ElementLocation$ElementFinder$2.findElement(ElementLocation.java:165)
	at org.openqa.selenium.remote.ElementLocation.findElement(ElementLocation.java:59)
	at org.openqa.selenium.remote.RemoteWebDriver.findElement(RemoteWebDriver.java:368)
	at org.openqa.selenium.remote.RemoteWebDriver.findElement(RemoteWebDriver.java:362)
	at org.openqa.selenium.support.pagefactory.DefaultElementLocator.findElement(DefaultElementLocator.java:68)
	at org.openqa.selenium.support.pagefactory.internal.LocatingElementHandler.invoke(LocatingElementHandler.java:38)
	at jdk.proxy2/jdk.proxy2.$Proxy14.isDisplayed(Unknown Source)
	at org.apache.maven.archetypes.maven_archetype_quickstart.LoginPage.Submit(LoginPage.java:113)
	at org.apache.maven.archetypes.maven_archetype_quickstart.TC8_SeatSelection.Seat_Selection(TC8_SeatSelection.java:21)
	at java.base/java.util.ArrayList.forEach(ArrayList.java:1511)
... Removed 31 stack frames</div></td></tr></table><p class="totop"><a href="#summary">back to summary</a></p>
<h3 id="m7">org.apache.maven.archetypes.maven_archetype_quickstart.TC11_VerifyTextField#ContactDetails</h3><table class="result"><tr><th>Messages</th></tr><tr><td><div class="messages">After typing email continue btn is working<br/>My test case is pass</div></td></tr></table><p class="totop"><a href="#summary">back to summary</a></p>
<h3 id="m8">org.apache.maven.archetypes.maven_archetype_quickstart.TC12_LoginandLogout#logout</h3><table class="result"><tr><th>Messages</th></tr><tr><td><div class="messages">After typing email continue btn is working<br/>My test case is pass</div></td></tr></table><p class="totop"><a href="#summary">back to summary</a></p>
<h3 id="m9">org.apache.maven.archetypes.maven_archetype_quickstart.TC15_Payment#PaymentPage</h3><table class="result"><tr><th>Messages</th></tr><tr><td><div class="messages">After typing email continue btn is working<br/>My test case is pass</div></td></tr></table><p class="totop"><a href="#summary">back to summary</a></p>
<h3 id="m10">org.apache.maven.archetypes.maven_archetype_quickstart.TC1_Registration#Registration</h3><table class="result"><tr><th>Messages</th></tr><tr><td><div class="messages">My test case is pass</div></td></tr></table><p class="totop"><a href="#summary">back to summary</a></p>
<h3 id="m11">org.apache.maven.archetypes.maven_archetype_quickstart.TC4_OneWayFlights#OneWayFlighte</h3><table class="result"><tr><th>Messages</th></tr><tr><td><div class="messages">After typing email continue btn is working<br/>My test case is pass</div></td></tr></table><p class="totop"><a href="#summary">back to summary</a></p>
<h3 id="m12">org.apache.maven.archetypes.maven_archetype_quickstart.TC6_DifferentClass#DifferentClass</h3><table class="result"><tr><th>Messages</th></tr><tr><td><div class="messages">After typing email continue btn is working<br/>My test case is pass</div></td></tr></table><p class="totop"><a href="#summary">back to summary</a></p>
</body>
</html>
