<?xml version="1.0" encoding="UTF-8"?>
<testng-results ignored="0" total="13" passed="6" failed="7" skipped="0">
  <reporter-output>
    <line>
      <![CDATA[After typing email continue btn is working]]>
    </line>
    <line>
      <![CDATA[My TestCase is fail]]>
    </line>
    <line>
      <![CDATA[After typing email continue btn is working]]>
    </line>
    <line>
      <![CDATA[My TestCase is fail]]>
    </line>
    <line>
      <![CDATA[After typing email continue btn is working]]>
    </line>
    <line>
      <![CDATA[My test case is pass]]>
    </line>
    <line>
      <![CDATA[After typing email continue btn is working]]>
    </line>
    <line>
      <![CDATA[My test case is pass]]>
    </line>
    <line>
      <![CDATA[After typing email continue btn is working]]>
    </line>
    <line>
      <![CDATA[My TestCase is fail]]>
    </line>
    <line>
      <![CDATA[Erroe message is displayed]]>
    </line>
    <line>
      <![CDATA[My TestCase is fail]]>
    </line>
    <line>
      <![CDATA[After typing email continue btn is working]]>
    </line>
    <line>
      <![CDATA[My test case is pass]]>
    </line>
    <line>
      <![CDATA[After typing email continue btn is working]]>
    </line>
    <line>
      <![CDATA[My test case is pass]]>
    </line>
    <line>
      <![CDATA[After typing email continue btn is working]]>
    </line>
    <line>
      <![CDATA[My TestCase is fail]]>
    </line>
    <line>
      <![CDATA[My test case is pass]]>
    </line>
    <line>
      <![CDATA[After typing email continue btn is working]]>
    </line>
    <line>
      <![CDATA[My TestCase is fail]]>
    </line>
    <line>
      <![CDATA[After typing email continue btn is working]]>
    </line>
    <line>
      <![CDATA[My TestCase is fail]]>
    </line>
    <line>
      <![CDATA[After typing email continue btn is working]]>
    </line>
    <line>
      <![CDATA[My test case is pass]]>
    </line>
  </reporter-output>
  <suite started-at="2024-10-17T12:50:30 IST" name="Suite" finished-at="2024-10-17T12:57:22 IST" duration-ms="412568">
    <groups>
    </groups>
    <test started-at="2024-10-17T12:50:30 IST" name="Test" finished-at="2024-10-17T12:57:22 IST" duration-ms="412568">
      <class name="org.apache.maven.archetypes.maven_archetype_quickstart.TC5_RoundTrpi_Flights">
        <test-method is-config="true" signature="launchAirlLine()[pri:0, instance:org.apache.maven.archetypes.maven_archetype_quickstart.TC5_RoundTrpi_Flights@7e6f74c]" started-at="2024-10-17T12:55:33 IST" name="launchAirlLine" finished-at="2024-10-17T12:55:41 IST" duration-ms="8079" status="PASS">
          <reporter-output>
          </reporter-output>
        </test-method> <!-- launchAirlLine -->
        <test-method signature="RountTrip()[pri:0, instance:org.apache.maven.archetypes.maven_archetype_quickstart.TC5_RoundTrpi_Flights@7e6f74c]" started-at="2024-10-17T12:55:41 IST" name="RountTrip" finished-at="2024-10-17T12:55:50 IST" duration-ms="8947" status="FAIL">
          <exception class="org.openqa.selenium.NoSuchElementException">
            <message>
              <![CDATA[no such element: Unable to locate element: {"method":"xpath","selector":"//span[@id="nav-link-accountList-nav-line-1"]"}
  (Session info: chrome=130.0.6723.58)
For documentation on this error, please visit: https://www.selenium.dev/documentation/webdriver/troubleshooting/errors#no-such-element-exception
Build info: version: '4.23.1', revision: '656257d8e9'
System info: os.name: 'Windows 10', os.arch: 'amd64', os.version: '10.0', java.version: '17.0.10'
Driver info: org.openqa.selenium.chrome.ChromeDriver
Command: [567b56ac84a2135184c34b2b87e963cc, findElement {using=xpath, value=//span[@id="nav-link-accountList-nav-line-1"]}]
Capabilities {acceptInsecureCerts: false, browserName: chrome, browserVersion: 130.0.6723.58, chrome: {chromedriverVersion: 130.0.6723.58 (3a50e012e4c9..., userDataDir: C:\Users\harsh\AppData\Loca...}, fedcm:accounts: true, goog:chromeOptions: {debuggerAddress: localhost:59157}, networkConnectionEnabled: false, pageLoadStrategy: normal, platformName: windows, proxy: Proxy(), se:cdp: ws://localhost:59157/devtoo..., se:cdpVersion: 130.0.6723.58, setWindowRect: true, strictFileInteractability: false, timeouts: {implicit: 0, pageLoad: 300000, script: 30000}, unhandledPromptBehavior: dismiss and notify, webauthn:extension:credBlob: true, webauthn:extension:largeBlob: true, webauthn:extension:minPinLength: true, webauthn:extension:prf: true, webauthn:virtualAuthenticators: true}
Session ID: 567b56ac84a2135184c34b2b87e963cc]]>
            </message>
            <full-stacktrace>
              <![CDATA[org.openqa.selenium.NoSuchElementException: no such element: Unable to locate element: {"method":"xpath","selector":"//span[@id="nav-link-accountList-nav-line-1"]"}
  (Session info: chrome=130.0.6723.58)
For documentation on this error, please visit: https://www.selenium.dev/documentation/webdriver/troubleshooting/errors#no-such-element-exception
Build info: version: '4.23.1', revision: '656257d8e9'
System info: os.name: 'Windows 10', os.arch: 'amd64', os.version: '10.0', java.version: '17.0.10'
Driver info: org.openqa.selenium.chrome.ChromeDriver
Command: [567b56ac84a2135184c34b2b87e963cc, findElement {using=xpath, value=//span[@id="nav-link-accountList-nav-line-1"]}]
Capabilities {acceptInsecureCerts: false, browserName: chrome, browserVersion: 130.0.6723.58, chrome: {chromedriverVersion: 130.0.6723.58 (3a50e012e4c9..., userDataDir: C:\Users\harsh\AppData\Loca...}, fedcm:accounts: true, goog:chromeOptions: {debuggerAddress: localhost:59157}, networkConnectionEnabled: false, pageLoadStrategy: normal, platformName: windows, proxy: Proxy(), se:cdp: ws://localhost:59157/devtoo..., se:cdpVersion: 130.0.6723.58, setWindowRect: true, strictFileInteractability: false, timeouts: {implicit: 0, pageLoad: 300000, script: 30000}, unhandledPromptBehavior: dismiss and notify, webauthn:extension:credBlob: true, webauthn:extension:largeBlob: true, webauthn:extension:minPinLength: true, webauthn:extension:prf: true, webauthn:virtualAuthenticators: true}
Session ID: 567b56ac84a2135184c34b2b87e963cc
at jdk.internal.reflect.GeneratedConstructorAccessor17.newInstance(Unknown Source)
at java.base/jdk.internal.reflect.DelegatingConstructorAccessorImpl.newInstance(DelegatingConstructorAccessorImpl.java:45)
at java.base/java.lang.reflect.Constructor.newInstanceWithCaller(Constructor.java:499)
at java.base/java.lang.reflect.Constructor.newInstance(Constructor.java:480)
at org.openqa.selenium.remote.ErrorCodec.decode(ErrorCodec.java:167)
at org.openqa.selenium.remote.codec.w3c.W3CHttpResponseCodec.decode(W3CHttpResponseCodec.java:138)
at org.openqa.selenium.remote.codec.w3c.W3CHttpResponseCodec.decode(W3CHttpResponseCodec.java:50)
at org.openqa.selenium.remote.HttpCommandExecutor.execute(HttpCommandExecutor.java:190)
at org.openqa.selenium.remote.service.DriverCommandExecutor.invokeExecute(DriverCommandExecutor.java:216)
at org.openqa.selenium.remote.service.DriverCommandExecutor.execute(DriverCommandExecutor.java:174)
at org.openqa.selenium.remote.RemoteWebDriver.execute(RemoteWebDriver.java:545)
at org.openqa.selenium.remote.ElementLocation$ElementFinder$2.findElement(ElementLocation.java:165)
at org.openqa.selenium.remote.ElementLocation.findElement(ElementLocation.java:59)
at org.openqa.selenium.remote.RemoteWebDriver.findElement(RemoteWebDriver.java:368)
at org.openqa.selenium.remote.RemoteWebDriver.findElement(RemoteWebDriver.java:362)
at org.openqa.selenium.support.pagefactory.DefaultElementLocator.findElement(DefaultElementLocator.java:68)
at org.openqa.selenium.support.pagefactory.internal.LocatingElementHandler.invoke(LocatingElementHandler.java:38)
at jdk.proxy2/jdk.proxy2.$Proxy14.isDisplayed(Unknown Source)
at org.apache.maven.archetypes.maven_archetype_quickstart.LoginPage.Submit(LoginPage.java:113)
at org.apache.maven.archetypes.maven_archetype_quickstart.TC5_RoundTrpi_Flights.RountTrip(TC5_RoundTrpi_Flights.java:20)
at java.base/jdk.internal.reflect.NativeMethodAccessorImpl.invoke0(Native Method)
at java.base/jdk.internal.reflect.NativeMethodAccessorImpl.invoke(NativeMethodAccessorImpl.java:77)
at java.base/jdk.internal.reflect.DelegatingMethodAccessorImpl.invoke(DelegatingMethodAccessorImpl.java:43)
at java.base/java.lang.reflect.Method.invoke(Method.java:568)
at org.testng.internal.invokers.MethodInvocationHelper.invokeMethod(MethodInvocationHelper.java:141)
at org.testng.internal.invokers.TestInvoker.invokeMethod(TestInvoker.java:686)
at org.testng.internal.invokers.TestInvoker.invokeTestMethod(TestInvoker.java:230)
at org.testng.internal.invokers.MethodRunner.runInSequence(MethodRunner.java:63)
at org.testng.internal.invokers.TestInvoker$MethodInvocationAgent.invoke(TestInvoker.java:992)
at org.testng.internal.invokers.TestInvoker.invokeTestMethods(TestInvoker.java:203)
at org.testng.internal.invokers.TestMethodWorker.invokeTestMethods(TestMethodWorker.java:154)
at org.testng.internal.invokers.TestMethodWorker.run(TestMethodWorker.java:134)
at java.base/java.util.ArrayList.forEach(ArrayList.java:1511)
at org.testng.TestRunner.privateRun(TestRunner.java:739)
at org.testng.TestRunner.run(TestRunner.java:614)
at org.testng.SuiteRunner.runTest(SuiteRunner.java:421)
at org.testng.SuiteRunner.runSequentially(SuiteRunner.java:413)
at org.testng.SuiteRunner.privateRun(SuiteRunner.java:373)
at org.testng.SuiteRunner.run(SuiteRunner.java:312)
at org.testng.SuiteRunnerWorker.runSuite(SuiteRunnerWorker.java:52)
at org.testng.SuiteRunnerWorker.run(SuiteRunnerWorker.java:95)
at org.testng.TestNG.runSuitesSequentially(TestNG.java:1274)
at org.testng.TestNG.runSuitesLocally(TestNG.java:1208)
at org.testng.TestNG.runSuites(TestNG.java:1112)
at org.testng.TestNG.run(TestNG.java:1079)
at org.testng.remote.AbstractRemoteTestNG.run(AbstractRemoteTestNG.java:115)
at org.testng.remote.RemoteTestNG.initAndRun(RemoteTestNG.java:293)
at org.testng.remote.RemoteTestNG.main(RemoteTestNG.java:91)
]]>
            </full-stacktrace>
          </exception> <!-- org.openqa.selenium.NoSuchElementException -->
          <reporter-output>
            <line>
              <![CDATA[After typing email continue btn is working]]>
            </line>
            <line>
              <![CDATA[My TestCase is fail]]>
            </line>
          </reporter-output>
        </test-method> <!-- RountTrip -->
        <test-method is-config="true" signature="Quit()[pri:0, instance:org.apache.maven.archetypes.maven_archetype_quickstart.TC5_RoundTrpi_Flights@7e6f74c]" started-at="2024-10-17T12:55:50 IST" name="Quit" finished-at="2024-10-17T12:55:50 IST" duration-ms="0" status="PASS">
          <reporter-output>
          </reporter-output>
        </test-method> <!-- Quit -->
      </class> <!-- org.apache.maven.archetypes.maven_archetype_quickstart.TC5_RoundTrpi_Flights -->
      <class name="org.apache.maven.archetypes.maven_archetype_quickstart.TC1_Registration">
        <test-method is-config="true" signature="launchAirlLine()[pri:0, instance:org.apache.maven.archetypes.maven_archetype_quickstart.TC1_Registration@dd05255]" started-at="2024-10-17T12:55:50 IST" name="launchAirlLine" finished-at="2024-10-17T12:55:57 IST" duration-ms="6367" status="PASS">
          <reporter-output>
          </reporter-output>
        </test-method> <!-- launchAirlLine -->
        <test-method signature="Registration()[pri:0, instance:org.apache.maven.archetypes.maven_archetype_quickstart.TC1_Registration@dd05255]" started-at="2024-10-17T12:55:57 IST" name="Registration" finished-at="2024-10-17T12:56:02 IST" duration-ms="5698" status="PASS">
          <reporter-output>
            <line>
              <![CDATA[My test case is pass]]>
            </line>
          </reporter-output>
        </test-method> <!-- Registration -->
        <test-method is-config="true" signature="Quit()[pri:0, instance:org.apache.maven.archetypes.maven_archetype_quickstart.TC1_Registration@dd05255]" started-at="2024-10-17T12:56:04 IST" name="Quit" finished-at="2024-10-17T12:56:04 IST" duration-ms="0" status="PASS">
          <reporter-output>
          </reporter-output>
        </test-method> <!-- Quit -->
      </class> <!-- org.apache.maven.archetypes.maven_archetype_quickstart.TC1_Registration -->
      <class name="org.apache.maven.archetypes.maven_archetype_quickstart.TC15_Payment">
        <test-method is-config="true" signature="launchAirlLine()[pri:0, instance:org.apache.maven.archetypes.maven_archetype_quickstart.TC15_Payment@3b69e7d1]" started-at="2024-10-17T12:52:02 IST" name="launchAirlLine" finished-at="2024-10-17T12:52:08 IST" duration-ms="6370" status="PASS">
          <reporter-output>
          </reporter-output>
        </test-method> <!-- launchAirlLine -->
        <test-method signature="PaymentPage()[pri:0, instance:org.apache.maven.archetypes.maven_archetype_quickstart.TC15_Payment@3b69e7d1]" started-at="2024-10-17T12:52:08 IST" name="PaymentPage" finished-at="2024-10-17T12:52:46 IST" duration-ms="37849" status="PASS">
          <reporter-output>
            <line>
              <![CDATA[After typing email continue btn is working]]>
            </line>
            <line>
              <![CDATA[My test case is pass]]>
            </line>
          </reporter-output>
        </test-method> <!-- PaymentPage -->
        <test-method is-config="true" signature="Quit()[pri:0, instance:org.apache.maven.archetypes.maven_archetype_quickstart.TC15_Payment@3b69e7d1]" started-at="2024-10-17T12:52:46 IST" name="Quit" finished-at="2024-10-17T12:52:46 IST" duration-ms="0" status="PASS">
          <reporter-output>
          </reporter-output>
        </test-method> <!-- Quit -->
      </class> <!-- org.apache.maven.archetypes.maven_archetype_quickstart.TC15_Payment -->
      <class name="org.apache.maven.archetypes.maven_archetype_quickstart.TC11_VerifyTextField">
        <test-method is-config="true" signature="launchAirlLine()[pri:0, instance:org.apache.maven.archetypes.maven_archetype_quickstart.TC11_VerifyTextField@6150c3ec]" started-at="2024-10-17T12:54:16 IST" name="launchAirlLine" finished-at="2024-10-17T12:54:24 IST" duration-ms="8314" status="PASS">
          <reporter-output>
          </reporter-output>
        </test-method> <!-- launchAirlLine -->
        <test-method signature="ContactDetails()[pri:0, instance:org.apache.maven.archetypes.maven_archetype_quickstart.TC11_VerifyTextField@6150c3ec]" started-at="2024-10-17T12:54:24 IST" name="ContactDetails" finished-at="2024-10-17T12:54:49 IST" duration-ms="25304" status="PASS">
          <reporter-output>
            <line>
              <![CDATA[After typing email continue btn is working]]>
            </line>
            <line>
              <![CDATA[My test case is pass]]>
            </line>
          </reporter-output>
        </test-method> <!-- ContactDetails -->
        <test-method is-config="true" signature="Quit()[pri:0, instance:org.apache.maven.archetypes.maven_archetype_quickstart.TC11_VerifyTextField@6150c3ec]" started-at="2024-10-17T12:54:49 IST" name="Quit" finished-at="2024-10-17T12:54:49 IST" duration-ms="1" status="PASS">
          <reporter-output>
          </reporter-output>
        </test-method> <!-- Quit -->
      </class> <!-- org.apache.maven.archetypes.maven_archetype_quickstart.TC11_VerifyTextField -->
      <class name="org.apache.maven.archetypes.maven_archetype_quickstart.TC8_SeatSelection">
        <test-method is-config="true" signature="launchAirlLine()[pri:0, instance:org.apache.maven.archetypes.maven_archetype_quickstart.TC8_SeatSelection@6a78afa0]" started-at="2024-10-17T12:56:04 IST" name="launchAirlLine" finished-at="2024-10-17T12:56:15 IST" duration-ms="10981" status="PASS">
          <reporter-output>
          </reporter-output>
        </test-method> <!-- launchAirlLine -->
        <test-method signature="Seat_Selection()[pri:0, instance:org.apache.maven.archetypes.maven_archetype_quickstart.TC8_SeatSelection@6a78afa0]" started-at="2024-10-17T12:56:15 IST" name="Seat_Selection" finished-at="2024-10-17T12:56:25 IST" duration-ms="10830" status="FAIL">
          <exception class="org.openqa.selenium.NoSuchElementException">
            <message>
              <![CDATA[no such element: Unable to locate element: {"method":"xpath","selector":"//span[@id="nav-link-accountList-nav-line-1"]"}
  (Session info: chrome=130.0.6723.58)
For documentation on this error, please visit: https://www.selenium.dev/documentation/webdriver/troubleshooting/errors#no-such-element-exception
Build info: version: '4.23.1', revision: '656257d8e9'
System info: os.name: 'Windows 10', os.arch: 'amd64', os.version: '10.0', java.version: '17.0.10'
Driver info: org.openqa.selenium.chrome.ChromeDriver
Command: [7b700c59ce892a711a3f366e97ac0c96, findElement {using=xpath, value=//span[@id="nav-link-accountList-nav-line-1"]}]
Capabilities {acceptInsecureCerts: false, browserName: chrome, browserVersion: 130.0.6723.58, chrome: {chromedriverVersion: 130.0.6723.58 (3a50e012e4c9..., userDataDir: C:\Users\harsh\AppData\Loca...}, fedcm:accounts: true, goog:chromeOptions: {debuggerAddress: localhost:59283}, networkConnectionEnabled: false, pageLoadStrategy: normal, platformName: windows, proxy: Proxy(), se:cdp: ws://localhost:59283/devtoo..., se:cdpVersion: 130.0.6723.58, setWindowRect: true, strictFileInteractability: false, timeouts: {implicit: 0, pageLoad: 300000, script: 30000}, unhandledPromptBehavior: dismiss and notify, webauthn:extension:credBlob: true, webauthn:extension:largeBlob: true, webauthn:extension:minPinLength: true, webauthn:extension:prf: true, webauthn:virtualAuthenticators: true}
Session ID: 7b700c59ce892a711a3f366e97ac0c96]]>
            </message>
            <full-stacktrace>
              <![CDATA[org.openqa.selenium.NoSuchElementException: no such element: Unable to locate element: {"method":"xpath","selector":"//span[@id="nav-link-accountList-nav-line-1"]"}
  (Session info: chrome=130.0.6723.58)
For documentation on this error, please visit: https://www.selenium.dev/documentation/webdriver/troubleshooting/errors#no-such-element-exception
Build info: version: '4.23.1', revision: '656257d8e9'
System info: os.name: 'Windows 10', os.arch: 'amd64', os.version: '10.0', java.version: '17.0.10'
Driver info: org.openqa.selenium.chrome.ChromeDriver
Command: [7b700c59ce892a711a3f366e97ac0c96, findElement {using=xpath, value=//span[@id="nav-link-accountList-nav-line-1"]}]
Capabilities {acceptInsecureCerts: false, browserName: chrome, browserVersion: 130.0.6723.58, chrome: {chromedriverVersion: 130.0.6723.58 (3a50e012e4c9..., userDataDir: C:\Users\harsh\AppData\Loca...}, fedcm:accounts: true, goog:chromeOptions: {debuggerAddress: localhost:59283}, networkConnectionEnabled: false, pageLoadStrategy: normal, platformName: windows, proxy: Proxy(), se:cdp: ws://localhost:59283/devtoo..., se:cdpVersion: 130.0.6723.58, setWindowRect: true, strictFileInteractability: false, timeouts: {implicit: 0, pageLoad: 300000, script: 30000}, unhandledPromptBehavior: dismiss and notify, webauthn:extension:credBlob: true, webauthn:extension:largeBlob: true, webauthn:extension:minPinLength: true, webauthn:extension:prf: true, webauthn:virtualAuthenticators: true}
Session ID: 7b700c59ce892a711a3f366e97ac0c96
at jdk.internal.reflect.GeneratedConstructorAccessor17.newInstance(Unknown Source)
at java.base/jdk.internal.reflect.DelegatingConstructorAccessorImpl.newInstance(DelegatingConstructorAccessorImpl.java:45)
at java.base/java.lang.reflect.Constructor.newInstanceWithCaller(Constructor.java:499)
at java.base/java.lang.reflect.Constructor.newInstance(Constructor.java:480)
at org.openqa.selenium.remote.ErrorCodec.decode(ErrorCodec.java:167)
at org.openqa.selenium.remote.codec.w3c.W3CHttpResponseCodec.decode(W3CHttpResponseCodec.java:138)
at org.openqa.selenium.remote.codec.w3c.W3CHttpResponseCodec.decode(W3CHttpResponseCodec.java:50)
at org.openqa.selenium.remote.HttpCommandExecutor.execute(HttpCommandExecutor.java:190)
at org.openqa.selenium.remote.service.DriverCommandExecutor.invokeExecute(DriverCommandExecutor.java:216)
at org.openqa.selenium.remote.service.DriverCommandExecutor.execute(DriverCommandExecutor.java:174)
at org.openqa.selenium.remote.RemoteWebDriver.execute(RemoteWebDriver.java:545)
at org.openqa.selenium.remote.ElementLocation$ElementFinder$2.findElement(ElementLocation.java:165)
at org.openqa.selenium.remote.ElementLocation.findElement(ElementLocation.java:59)
at org.openqa.selenium.remote.RemoteWebDriver.findElement(RemoteWebDriver.java:368)
at org.openqa.selenium.remote.RemoteWebDriver.findElement(RemoteWebDriver.java:362)
at org.openqa.selenium.support.pagefactory.DefaultElementLocator.findElement(DefaultElementLocator.java:68)
at org.openqa.selenium.support.pagefactory.internal.LocatingElementHandler.invoke(LocatingElementHandler.java:38)
at jdk.proxy2/jdk.proxy2.$Proxy14.isDisplayed(Unknown Source)
at org.apache.maven.archetypes.maven_archetype_quickstart.LoginPage.Submit(LoginPage.java:113)
at org.apache.maven.archetypes.maven_archetype_quickstart.TC8_SeatSelection.Seat_Selection(TC8_SeatSelection.java:21)
at java.base/jdk.internal.reflect.NativeMethodAccessorImpl.invoke0(Native Method)
at java.base/jdk.internal.reflect.NativeMethodAccessorImpl.invoke(NativeMethodAccessorImpl.java:77)
at java.base/jdk.internal.reflect.DelegatingMethodAccessorImpl.invoke(DelegatingMethodAccessorImpl.java:43)
at java.base/java.lang.reflect.Method.invoke(Method.java:568)
at org.testng.internal.invokers.MethodInvocationHelper.invokeMethod(MethodInvocationHelper.java:141)
at org.testng.internal.invokers.TestInvoker.invokeMethod(TestInvoker.java:686)
at org.testng.internal.invokers.TestInvoker.invokeTestMethod(TestInvoker.java:230)
at org.testng.internal.invokers.MethodRunner.runInSequence(MethodRunner.java:63)
at org.testng.internal.invokers.TestInvoker$MethodInvocationAgent.invoke(TestInvoker.java:992)
at org.testng.internal.invokers.TestInvoker.invokeTestMethods(TestInvoker.java:203)
at org.testng.internal.invokers.TestMethodWorker.invokeTestMethods(TestMethodWorker.java:154)
at org.testng.internal.invokers.TestMethodWorker.run(TestMethodWorker.java:134)
at java.base/java.util.ArrayList.forEach(ArrayList.java:1511)
at org.testng.TestRunner.privateRun(TestRunner.java:739)
at org.testng.TestRunner.run(TestRunner.java:614)
at org.testng.SuiteRunner.runTest(SuiteRunner.java:421)
at org.testng.SuiteRunner.runSequentially(SuiteRunner.java:413)
at org.testng.SuiteRunner.privateRun(SuiteRunner.java:373)
at org.testng.SuiteRunner.run(SuiteRunner.java:312)
at org.testng.SuiteRunnerWorker.runSuite(SuiteRunnerWorker.java:52)
at org.testng.SuiteRunnerWorker.run(SuiteRunnerWorker.java:95)
at org.testng.TestNG.runSuitesSequentially(TestNG.java:1274)
at org.testng.TestNG.runSuitesLocally(TestNG.java:1208)
at org.testng.TestNG.runSuites(TestNG.java:1112)
at org.testng.TestNG.run(TestNG.java:1079)
at org.testng.remote.AbstractRemoteTestNG.run(AbstractRemoteTestNG.java:115)
at org.testng.remote.RemoteTestNG.initAndRun(RemoteTestNG.java:293)
at org.testng.remote.RemoteTestNG.main(RemoteTestNG.java:91)
]]>
            </full-stacktrace>
          </exception> <!-- org.openqa.selenium.NoSuchElementException -->
          <reporter-output>
            <line>
              <![CDATA[After typing email continue btn is working]]>
            </line>
            <line>
              <![CDATA[My TestCase is fail]]>
            </line>
          </reporter-output>
        </test-method> <!-- Seat_Selection -->
        <test-method is-config="true" signature="Quit()[pri:0, instance:org.apache.maven.archetypes.maven_archetype_quickstart.TC8_SeatSelection@6a78afa0]" started-at="2024-10-17T12:56:26 IST" name="Quit" finished-at="2024-10-17T12:56:26 IST" duration-ms="1" status="PASS">
          <reporter-output>
          </reporter-output>
        </test-method> <!-- Quit -->
      </class> <!-- org.apache.maven.archetypes.maven_archetype_quickstart.TC8_SeatSelection -->
      <class name="org.apache.maven.archetypes.maven_archetype_quickstart.TC12_LoginandLogout">
        <test-method is-config="true" signature="launchAirlLine()[pri:0, instance:org.apache.maven.archetypes.maven_archetype_quickstart.TC12_LoginandLogout@44c03695]" started-at="2024-10-17T12:54:49 IST" name="launchAirlLine" finished-at="2024-10-17T12:55:01 IST" duration-ms="11139" status="PASS">
          <reporter-output>
          </reporter-output>
        </test-method> <!-- launchAirlLine -->
        <test-method signature="logout()[pri:0, instance:org.apache.maven.archetypes.maven_archetype_quickstart.TC12_LoginandLogout@44c03695]" started-at="2024-10-17T12:55:01 IST" name="logout" finished-at="2024-10-17T12:55:33 IST" duration-ms="32245" status="PASS">
          <reporter-output>
            <line>
              <![CDATA[After typing email continue btn is working]]>
            </line>
            <line>
              <![CDATA[My test case is pass]]>
            </line>
          </reporter-output>
        </test-method> <!-- logout -->
        <test-method is-config="true" signature="Quit()[pri:0, instance:org.apache.maven.archetypes.maven_archetype_quickstart.TC12_LoginandLogout@44c03695]" started-at="2024-10-17T12:55:33 IST" name="Quit" finished-at="2024-10-17T12:55:33 IST" duration-ms="0" status="PASS">
          <reporter-output>
          </reporter-output>
        </test-method> <!-- Quit -->
      </class> <!-- org.apache.maven.archetypes.maven_archetype_quickstart.TC12_LoginandLogout -->
      <class name="org.apache.maven.archetypes.maven_archetype_quickstart.TC2_Login">
        <test-method is-config="true" signature="launchAirlLine()[pri:0, instance:org.apache.maven.archetypes.maven_archetype_quickstart.TC2_Login@2f4948e4]" started-at="2024-10-17T12:56:26 IST" name="launchAirlLine" finished-at="2024-10-17T12:56:33 IST" duration-ms="7928" status="PASS">
          <reporter-output>
          </reporter-output>
        </test-method> <!-- launchAirlLine -->
        <test-method signature="Login_Page()[pri:0, instance:org.apache.maven.archetypes.maven_archetype_quickstart.TC2_Login@2f4948e4]" started-at="2024-10-17T12:56:33 IST" name="Login_Page" finished-at="2024-10-17T12:56:44 IST" duration-ms="10661" status="FAIL">
          <exception class="org.openqa.selenium.NoSuchElementException">
            <message>
              <![CDATA[no such element: Unable to locate element: {"method":"xpath","selector":"//span[@id="nav-link-accountList-nav-line-1"]"}
  (Session info: chrome=130.0.6723.58)
For documentation on this error, please visit: https://www.selenium.dev/documentation/webdriver/troubleshooting/errors#no-such-element-exception
Build info: version: '4.23.1', revision: '656257d8e9'
System info: os.name: 'Windows 10', os.arch: 'amd64', os.version: '10.0', java.version: '17.0.10'
Driver info: org.openqa.selenium.chrome.ChromeDriver
Command: [5f5f9e43bbc4851e906163dcf50f711b, findElement {using=xpath, value=//span[@id="nav-link-accountList-nav-line-1"]}]
Capabilities {acceptInsecureCerts: false, browserName: chrome, browserVersion: 130.0.6723.58, chrome: {chromedriverVersion: 130.0.6723.58 (3a50e012e4c9..., userDataDir: C:\Users\harsh\AppData\Loca...}, fedcm:accounts: true, goog:chromeOptions: {debuggerAddress: localhost:59382}, networkConnectionEnabled: false, pageLoadStrategy: normal, platformName: windows, proxy: Proxy(), se:cdp: ws://localhost:59382/devtoo..., se:cdpVersion: 130.0.6723.58, setWindowRect: true, strictFileInteractability: false, timeouts: {implicit: 0, pageLoad: 300000, script: 30000}, unhandledPromptBehavior: dismiss and notify, webauthn:extension:credBlob: true, webauthn:extension:largeBlob: true, webauthn:extension:minPinLength: true, webauthn:extension:prf: true, webauthn:virtualAuthenticators: true}
Session ID: 5f5f9e43bbc4851e906163dcf50f711b]]>
            </message>
            <full-stacktrace>
              <![CDATA[org.openqa.selenium.NoSuchElementException: no such element: Unable to locate element: {"method":"xpath","selector":"//span[@id="nav-link-accountList-nav-line-1"]"}
  (Session info: chrome=130.0.6723.58)
For documentation on this error, please visit: https://www.selenium.dev/documentation/webdriver/troubleshooting/errors#no-such-element-exception
Build info: version: '4.23.1', revision: '656257d8e9'
System info: os.name: 'Windows 10', os.arch: 'amd64', os.version: '10.0', java.version: '17.0.10'
Driver info: org.openqa.selenium.chrome.ChromeDriver
Command: [5f5f9e43bbc4851e906163dcf50f711b, findElement {using=xpath, value=//span[@id="nav-link-accountList-nav-line-1"]}]
Capabilities {acceptInsecureCerts: false, browserName: chrome, browserVersion: 130.0.6723.58, chrome: {chromedriverVersion: 130.0.6723.58 (3a50e012e4c9..., userDataDir: C:\Users\harsh\AppData\Loca...}, fedcm:accounts: true, goog:chromeOptions: {debuggerAddress: localhost:59382}, networkConnectionEnabled: false, pageLoadStrategy: normal, platformName: windows, proxy: Proxy(), se:cdp: ws://localhost:59382/devtoo..., se:cdpVersion: 130.0.6723.58, setWindowRect: true, strictFileInteractability: false, timeouts: {implicit: 0, pageLoad: 300000, script: 30000}, unhandledPromptBehavior: dismiss and notify, webauthn:extension:credBlob: true, webauthn:extension:largeBlob: true, webauthn:extension:minPinLength: true, webauthn:extension:prf: true, webauthn:virtualAuthenticators: true}
Session ID: 5f5f9e43bbc4851e906163dcf50f711b
at jdk.internal.reflect.GeneratedConstructorAccessor17.newInstance(Unknown Source)
at java.base/jdk.internal.reflect.DelegatingConstructorAccessorImpl.newInstance(DelegatingConstructorAccessorImpl.java:45)
at java.base/java.lang.reflect.Constructor.newInstanceWithCaller(Constructor.java:499)
at java.base/java.lang.reflect.Constructor.newInstance(Constructor.java:480)
at org.openqa.selenium.remote.ErrorCodec.decode(ErrorCodec.java:167)
at org.openqa.selenium.remote.codec.w3c.W3CHttpResponseCodec.decode(W3CHttpResponseCodec.java:138)
at org.openqa.selenium.remote.codec.w3c.W3CHttpResponseCodec.decode(W3CHttpResponseCodec.java:50)
at org.openqa.selenium.remote.HttpCommandExecutor.execute(HttpCommandExecutor.java:190)
at org.openqa.selenium.remote.service.DriverCommandExecutor.invokeExecute(DriverCommandExecutor.java:216)
at org.openqa.selenium.remote.service.DriverCommandExecutor.execute(DriverCommandExecutor.java:174)
at org.openqa.selenium.remote.RemoteWebDriver.execute(RemoteWebDriver.java:545)
at org.openqa.selenium.remote.ElementLocation$ElementFinder$2.findElement(ElementLocation.java:165)
at org.openqa.selenium.remote.ElementLocation.findElement(ElementLocation.java:59)
at org.openqa.selenium.remote.RemoteWebDriver.findElement(RemoteWebDriver.java:368)
at org.openqa.selenium.remote.RemoteWebDriver.findElement(RemoteWebDriver.java:362)
at org.openqa.selenium.support.pagefactory.DefaultElementLocator.findElement(DefaultElementLocator.java:68)
at org.openqa.selenium.support.pagefactory.internal.LocatingElementHandler.invoke(LocatingElementHandler.java:38)
at jdk.proxy2/jdk.proxy2.$Proxy14.isDisplayed(Unknown Source)
at org.apache.maven.archetypes.maven_archetype_quickstart.LoginPage.Submit(LoginPage.java:113)
at org.apache.maven.archetypes.maven_archetype_quickstart.TC2_Login.Login_Page(TC2_Login.java:20)
at java.base/jdk.internal.reflect.NativeMethodAccessorImpl.invoke0(Native Method)
at java.base/jdk.internal.reflect.NativeMethodAccessorImpl.invoke(NativeMethodAccessorImpl.java:77)
at java.base/jdk.internal.reflect.DelegatingMethodAccessorImpl.invoke(DelegatingMethodAccessorImpl.java:43)
at java.base/java.lang.reflect.Method.invoke(Method.java:568)
at org.testng.internal.invokers.MethodInvocationHelper.invokeMethod(MethodInvocationHelper.java:141)
at org.testng.internal.invokers.TestInvoker.invokeMethod(TestInvoker.java:686)
at org.testng.internal.invokers.TestInvoker.invokeTestMethod(TestInvoker.java:230)
at org.testng.internal.invokers.MethodRunner.runInSequence(MethodRunner.java:63)
at org.testng.internal.invokers.TestInvoker$MethodInvocationAgent.invoke(TestInvoker.java:992)
at org.testng.internal.invokers.TestInvoker.invokeTestMethods(TestInvoker.java:203)
at org.testng.internal.invokers.TestMethodWorker.invokeTestMethods(TestMethodWorker.java:154)
at org.testng.internal.invokers.TestMethodWorker.run(TestMethodWorker.java:134)
at java.base/java.util.ArrayList.forEach(ArrayList.java:1511)
at org.testng.TestRunner.privateRun(TestRunner.java:739)
at org.testng.TestRunner.run(TestRunner.java:614)
at org.testng.SuiteRunner.runTest(SuiteRunner.java:421)
at org.testng.SuiteRunner.runSequentially(SuiteRunner.java:413)
at org.testng.SuiteRunner.privateRun(SuiteRunner.java:373)
at org.testng.SuiteRunner.run(SuiteRunner.java:312)
at org.testng.SuiteRunnerWorker.runSuite(SuiteRunnerWorker.java:52)
at org.testng.SuiteRunnerWorker.run(SuiteRunnerWorker.java:95)
at org.testng.TestNG.runSuitesSequentially(TestNG.java:1274)
at org.testng.TestNG.runSuitesLocally(TestNG.java:1208)
at org.testng.TestNG.runSuites(TestNG.java:1112)
at org.testng.TestNG.run(TestNG.java:1079)
at org.testng.remote.AbstractRemoteTestNG.run(AbstractRemoteTestNG.java:115)
at org.testng.remote.RemoteTestNG.initAndRun(RemoteTestNG.java:293)
at org.testng.remote.RemoteTestNG.main(RemoteTestNG.java:91)
]]>
            </full-stacktrace>
          </exception> <!-- org.openqa.selenium.NoSuchElementException -->
          <reporter-output>
            <line>
              <![CDATA[After typing email continue btn is working]]>
            </line>
            <line>
              <![CDATA[My TestCase is fail]]>
            </line>
          </reporter-output>
        </test-method> <!-- Login_Page -->
        <test-method is-config="true" signature="Quit()[pri:0, instance:org.apache.maven.archetypes.maven_archetype_quickstart.TC2_Login@2f4948e4]" started-at="2024-10-17T12:56:44 IST" name="Quit" finished-at="2024-10-17T12:56:44 IST" duration-ms="1" status="PASS">
          <reporter-output>
          </reporter-output>
        </test-method> <!-- Quit -->
      </class> <!-- org.apache.maven.archetypes.maven_archetype_quickstart.TC2_Login -->
      <class name="org.apache.maven.archetypes.maven_archetype_quickstart.TC4_OneWayFlights">
        <test-method is-config="true" signature="launchAirlLine()[pri:0, instance:org.apache.maven.archetypes.maven_archetype_quickstart.TC4_OneWayFlights@1f2586d6]" started-at="2024-10-17T12:56:44 IST" name="launchAirlLine" finished-at="2024-10-17T12:56:58 IST" duration-ms="13349" status="PASS">
          <reporter-output>
          </reporter-output>
        </test-method> <!-- launchAirlLine -->
        <test-method signature="OneWayFlighte()[pri:0, instance:org.apache.maven.archetypes.maven_archetype_quickstart.TC4_OneWayFlights@1f2586d6]" started-at="2024-10-17T12:56:58 IST" name="OneWayFlighte" finished-at="2024-10-17T12:57:22 IST" duration-ms="24358" status="PASS">
          <reporter-output>
            <line>
              <![CDATA[After typing email continue btn is working]]>
            </line>
            <line>
              <![CDATA[My test case is pass]]>
            </line>
          </reporter-output>
        </test-method> <!-- OneWayFlighte -->
        <test-method is-config="true" signature="Quit()[pri:0, instance:org.apache.maven.archetypes.maven_archetype_quickstart.TC4_OneWayFlights@1f2586d6]" started-at="2024-10-17T12:57:22 IST" name="Quit" finished-at="2024-10-17T12:57:22 IST" duration-ms="1" status="PASS">
          <reporter-output>
          </reporter-output>
        </test-method> <!-- Quit -->
      </class> <!-- org.apache.maven.archetypes.maven_archetype_quickstart.TC4_OneWayFlights -->
      <class name="org.apache.maven.archetypes.maven_archetype_quickstart.TC10_validateallInfo">
        <test-method is-config="true" signature="launchAirlLine()[pri:0, instance:org.apache.maven.archetypes.maven_archetype_quickstart.TC10_validateallInfo@7586beff]" started-at="2024-10-17T12:51:23 IST" name="launchAirlLine" finished-at="2024-10-17T12:51:28 IST" duration-ms="5117" status="PASS">
          <reporter-output>
          </reporter-output>
        </test-method> <!-- launchAirlLine -->
        <test-method signature="VerifyDetails()[pri:0, instance:org.apache.maven.archetypes.maven_archetype_quickstart.TC10_validateallInfo@7586beff]" started-at="2024-10-17T12:51:28 IST" name="VerifyDetails" finished-at="2024-10-17T12:52:02 IST" duration-ms="33732" status="FAIL">
          <exception class="java.lang.NullPointerException">
            <message>
              <![CDATA[Cannot invoke "org.openqa.selenium.WebDriver.getClass()" because "exceptionDriver" is null]]>
            </message>
            <full-stacktrace>
              <![CDATA[java.lang.NullPointerException: Cannot invoke "org.openqa.selenium.WebDriver.getClass()" because "exceptionDriver" is null
at org.openqa.selenium.support.ui.WebDriverWait.timeoutException(WebDriverWait.java:85)
at org.openqa.selenium.support.ui.FluentWait.until(FluentWait.java:228)
at org.apache.maven.archetypes.maven_archetype_quickstart.SearchResultPage.FlightInfo(SearchResultPage.java:35)
at org.apache.maven.archetypes.maven_archetype_quickstart.TC10_validateallInfo.VerifyDetails(TC10_validateallInfo.java:35)
at java.base/jdk.internal.reflect.NativeMethodAccessorImpl.invoke0(Native Method)
at java.base/jdk.internal.reflect.NativeMethodAccessorImpl.invoke(NativeMethodAccessorImpl.java:77)
at java.base/jdk.internal.reflect.DelegatingMethodAccessorImpl.invoke(DelegatingMethodAccessorImpl.java:43)
at java.base/java.lang.reflect.Method.invoke(Method.java:568)
at org.testng.internal.invokers.MethodInvocationHelper.invokeMethod(MethodInvocationHelper.java:141)
at org.testng.internal.invokers.TestInvoker.invokeMethod(TestInvoker.java:686)
at org.testng.internal.invokers.TestInvoker.invokeTestMethod(TestInvoker.java:230)
at org.testng.internal.invokers.MethodRunner.runInSequence(MethodRunner.java:63)
at org.testng.internal.invokers.TestInvoker$MethodInvocationAgent.invoke(TestInvoker.java:992)
at org.testng.internal.invokers.TestInvoker.invokeTestMethods(TestInvoker.java:203)
at org.testng.internal.invokers.TestMethodWorker.invokeTestMethods(TestMethodWorker.java:154)
at org.testng.internal.invokers.TestMethodWorker.run(TestMethodWorker.java:134)
at java.base/java.util.ArrayList.forEach(ArrayList.java:1511)
at org.testng.TestRunner.privateRun(TestRunner.java:739)
at org.testng.TestRunner.run(TestRunner.java:614)
at org.testng.SuiteRunner.runTest(SuiteRunner.java:421)
at org.testng.SuiteRunner.runSequentially(SuiteRunner.java:413)
at org.testng.SuiteRunner.privateRun(SuiteRunner.java:373)
at org.testng.SuiteRunner.run(SuiteRunner.java:312)
at org.testng.SuiteRunnerWorker.runSuite(SuiteRunnerWorker.java:52)
at org.testng.SuiteRunnerWorker.run(SuiteRunnerWorker.java:95)
at org.testng.TestNG.runSuitesSequentially(TestNG.java:1274)
at org.testng.TestNG.runSuitesLocally(TestNG.java:1208)
at org.testng.TestNG.runSuites(TestNG.java:1112)
at org.testng.TestNG.run(TestNG.java:1079)
at org.testng.remote.AbstractRemoteTestNG.run(AbstractRemoteTestNG.java:115)
at org.testng.remote.RemoteTestNG.initAndRun(RemoteTestNG.java:293)
at org.testng.remote.RemoteTestNG.main(RemoteTestNG.java:91)
]]>
            </full-stacktrace>
          </exception> <!-- java.lang.NullPointerException -->
          <reporter-output>
            <line>
              <![CDATA[After typing email continue btn is working]]>
            </line>
            <line>
              <![CDATA[My TestCase is fail]]>
            </line>
          </reporter-output>
        </test-method> <!-- VerifyDetails -->
        <test-method is-config="true" signature="Quit()[pri:0, instance:org.apache.maven.archetypes.maven_archetype_quickstart.TC10_validateallInfo@7586beff]" started-at="2024-10-17T12:52:02 IST" name="Quit" finished-at="2024-10-17T12:52:02 IST" duration-ms="1" status="PASS">
          <reporter-output>
          </reporter-output>
        </test-method> <!-- Quit -->
      </class> <!-- org.apache.maven.archetypes.maven_archetype_quickstart.TC10_validateallInfo -->
      <class name="org.apache.maven.archetypes.maven_archetype_quickstart.TC13_ApplyCouponCode">
        <test-method is-config="true" signature="launchAirlLine()[pri:0, instance:org.apache.maven.archetypes.maven_archetype_quickstart.TC13_ApplyCouponCode@5542c4ed]" started-at="2024-10-17T12:53:18 IST" name="launchAirlLine" finished-at="2024-10-17T12:53:29 IST" duration-ms="10221" status="PASS">
          <reporter-output>
          </reporter-output>
        </test-method> <!-- launchAirlLine -->
        <test-method signature="ApplyCoupon_Code()[pri:0, instance:org.apache.maven.archetypes.maven_archetype_quickstart.TC13_ApplyCouponCode@5542c4ed]" started-at="2024-10-17T12:53:29 IST" name="ApplyCoupon_Code" finished-at="2024-10-17T12:54:00 IST" duration-ms="31099" status="FAIL">
          <exception class="java.lang.NullPointerException">
            <message>
              <![CDATA[Cannot invoke "org.openqa.selenium.WebDriver.getClass()" because "exceptionDriver" is null]]>
            </message>
            <full-stacktrace>
              <![CDATA[java.lang.NullPointerException: Cannot invoke "org.openqa.selenium.WebDriver.getClass()" because "exceptionDriver" is null
at org.openqa.selenium.support.ui.WebDriverWait.timeoutException(WebDriverWait.java:85)
at org.openqa.selenium.support.ui.FluentWait.until(FluentWait.java:228)
at org.apache.maven.archetypes.maven_archetype_quickstart.SearchResultPage.FlightInfo(SearchResultPage.java:35)
at org.apache.maven.archetypes.maven_archetype_quickstart.TC13_ApplyCouponCode.ApplyCoupon_Code(TC13_ApplyCouponCode.java:34)
at java.base/jdk.internal.reflect.NativeMethodAccessorImpl.invoke0(Native Method)
at java.base/jdk.internal.reflect.NativeMethodAccessorImpl.invoke(NativeMethodAccessorImpl.java:77)
at java.base/jdk.internal.reflect.DelegatingMethodAccessorImpl.invoke(DelegatingMethodAccessorImpl.java:43)
at java.base/java.lang.reflect.Method.invoke(Method.java:568)
at org.testng.internal.invokers.MethodInvocationHelper.invokeMethod(MethodInvocationHelper.java:141)
at org.testng.internal.invokers.TestInvoker.invokeMethod(TestInvoker.java:686)
at org.testng.internal.invokers.TestInvoker.invokeTestMethod(TestInvoker.java:230)
at org.testng.internal.invokers.MethodRunner.runInSequence(MethodRunner.java:63)
at org.testng.internal.invokers.TestInvoker$MethodInvocationAgent.invoke(TestInvoker.java:992)
at org.testng.internal.invokers.TestInvoker.invokeTestMethods(TestInvoker.java:203)
at org.testng.internal.invokers.TestMethodWorker.invokeTestMethods(TestMethodWorker.java:154)
at org.testng.internal.invokers.TestMethodWorker.run(TestMethodWorker.java:134)
at java.base/java.util.ArrayList.forEach(ArrayList.java:1511)
at org.testng.TestRunner.privateRun(TestRunner.java:739)
at org.testng.TestRunner.run(TestRunner.java:614)
at org.testng.SuiteRunner.runTest(SuiteRunner.java:421)
at org.testng.SuiteRunner.runSequentially(SuiteRunner.java:413)
at org.testng.SuiteRunner.privateRun(SuiteRunner.java:373)
at org.testng.SuiteRunner.run(SuiteRunner.java:312)
at org.testng.SuiteRunnerWorker.runSuite(SuiteRunnerWorker.java:52)
at org.testng.SuiteRunnerWorker.run(SuiteRunnerWorker.java:95)
at org.testng.TestNG.runSuitesSequentially(TestNG.java:1274)
at org.testng.TestNG.runSuitesLocally(TestNG.java:1208)
at org.testng.TestNG.runSuites(TestNG.java:1112)
at org.testng.TestNG.run(TestNG.java:1079)
at org.testng.remote.AbstractRemoteTestNG.run(AbstractRemoteTestNG.java:115)
at org.testng.remote.RemoteTestNG.initAndRun(RemoteTestNG.java:293)
at org.testng.remote.RemoteTestNG.main(RemoteTestNG.java:91)
]]>
            </full-stacktrace>
          </exception> <!-- java.lang.NullPointerException -->
          <reporter-output>
            <line>
              <![CDATA[After typing email continue btn is working]]>
            </line>
            <line>
              <![CDATA[My TestCase is fail]]>
            </line>
          </reporter-output>
        </test-method> <!-- ApplyCoupon_Code -->
        <test-method is-config="true" signature="Quit()[pri:0, instance:org.apache.maven.archetypes.maven_archetype_quickstart.TC13_ApplyCouponCode@5542c4ed]" started-at="2024-10-17T12:54:00 IST" name="Quit" finished-at="2024-10-17T12:54:00 IST" duration-ms="2" status="PASS">
          <reporter-output>
          </reporter-output>
        </test-method> <!-- Quit -->
      </class> <!-- org.apache.maven.archetypes.maven_archetype_quickstart.TC13_ApplyCouponCode -->
      <class name="org.apache.maven.archetypes.maven_archetype_quickstart.TC6_DifferentClass">
        <test-method is-config="true" signature="launchAirlLine()[pri:0, instance:org.apache.maven.archetypes.maven_archetype_quickstart.TC6_DifferentClass@815b41f]" started-at="2024-10-17T12:52:46 IST" name="launchAirlLine" finished-at="2024-10-17T12:52:54 IST" duration-ms="7975" status="PASS">
          <reporter-output>
          </reporter-output>
        </test-method> <!-- launchAirlLine -->
        <test-method signature="DifferentClass()[pri:0, instance:org.apache.maven.archetypes.maven_archetype_quickstart.TC6_DifferentClass@815b41f]" started-at="2024-10-17T12:52:54 IST" name="DifferentClass" finished-at="2024-10-17T12:53:18 IST" duration-ms="24065" status="PASS">
          <reporter-output>
            <line>
              <![CDATA[After typing email continue btn is working]]>
            </line>
            <line>
              <![CDATA[My test case is pass]]>
            </line>
          </reporter-output>
        </test-method> <!-- DifferentClass -->
        <test-method is-config="true" signature="Quit()[pri:0, instance:org.apache.maven.archetypes.maven_archetype_quickstart.TC6_DifferentClass@815b41f]" started-at="2024-10-17T12:53:18 IST" name="Quit" finished-at="2024-10-17T12:53:18 IST" duration-ms="0" status="PASS">
          <reporter-output>
          </reporter-output>
        </test-method> <!-- Quit -->
      </class> <!-- org.apache.maven.archetypes.maven_archetype_quickstart.TC6_DifferentClass -->
      <class name="org.apache.maven.archetypes.maven_archetype_quickstart.TC09_SelectMultiplePassangers">
        <test-method is-config="true" signature="launchAirlLine()[pri:0, instance:org.apache.maven.archetypes.maven_archetype_quickstart.TC09_SelectMultiplePassangers@65fb9ffc]" started-at="2024-10-17T12:50:30 IST" name="launchAirlLine" finished-at="2024-10-17T12:50:40 IST" duration-ms="10161" status="PASS">
          <reporter-output>
          </reporter-output>
        </test-method> <!-- launchAirlLine -->
        <test-method signature="SelectMultiplPassangers()[pri:0, instance:org.apache.maven.archetypes.maven_archetype_quickstart.TC09_SelectMultiplePassangers@65fb9ffc]" started-at="2024-10-17T12:50:40 IST" name="SelectMultiplPassangers" finished-at="2024-10-17T12:51:22 IST" duration-ms="42496" status="FAIL">
          <exception class="java.lang.NullPointerException">
            <message>
              <![CDATA[Cannot invoke "org.openqa.selenium.WebDriver.getClass()" because "exceptionDriver" is null]]>
            </message>
            <full-stacktrace>
              <![CDATA[java.lang.NullPointerException: Cannot invoke "org.openqa.selenium.WebDriver.getClass()" because "exceptionDriver" is null
at org.openqa.selenium.support.ui.WebDriverWait.timeoutException(WebDriverWait.java:85)
at org.openqa.selenium.support.ui.FluentWait.until(FluentWait.java:228)
at org.apache.maven.archetypes.maven_archetype_quickstart.Flight_SeatPage.AddNew_Child(Flight_SeatPage.java:144)
at org.apache.maven.archetypes.maven_archetype_quickstart.TC09_SelectMultiplePassangers.SelectMultiplPassangers(TC09_SelectMultiplePassangers.java:40)
at java.base/jdk.internal.reflect.NativeMethodAccessorImpl.invoke0(Native Method)
at java.base/jdk.internal.reflect.NativeMethodAccessorImpl.invoke(NativeMethodAccessorImpl.java:77)
at java.base/jdk.internal.reflect.DelegatingMethodAccessorImpl.invoke(DelegatingMethodAccessorImpl.java:43)
at java.base/java.lang.reflect.Method.invoke(Method.java:568)
at org.testng.internal.invokers.MethodInvocationHelper.invokeMethod(MethodInvocationHelper.java:141)
at org.testng.internal.invokers.TestInvoker.invokeMethod(TestInvoker.java:686)
at org.testng.internal.invokers.TestInvoker.invokeTestMethod(TestInvoker.java:230)
at org.testng.internal.invokers.MethodRunner.runInSequence(MethodRunner.java:63)
at org.testng.internal.invokers.TestInvoker$MethodInvocationAgent.invoke(TestInvoker.java:992)
at org.testng.internal.invokers.TestInvoker.invokeTestMethods(TestInvoker.java:203)
at org.testng.internal.invokers.TestMethodWorker.invokeTestMethods(TestMethodWorker.java:154)
at org.testng.internal.invokers.TestMethodWorker.run(TestMethodWorker.java:134)
at java.base/java.util.ArrayList.forEach(ArrayList.java:1511)
at org.testng.TestRunner.privateRun(TestRunner.java:739)
at org.testng.TestRunner.run(TestRunner.java:614)
at org.testng.SuiteRunner.runTest(SuiteRunner.java:421)
at org.testng.SuiteRunner.runSequentially(SuiteRunner.java:413)
at org.testng.SuiteRunner.privateRun(SuiteRunner.java:373)
at org.testng.SuiteRunner.run(SuiteRunner.java:312)
at org.testng.SuiteRunnerWorker.runSuite(SuiteRunnerWorker.java:52)
at org.testng.SuiteRunnerWorker.run(SuiteRunnerWorker.java:95)
at org.testng.TestNG.runSuitesSequentially(TestNG.java:1274)
at org.testng.TestNG.runSuitesLocally(TestNG.java:1208)
at org.testng.TestNG.runSuites(TestNG.java:1112)
at org.testng.TestNG.run(TestNG.java:1079)
at org.testng.remote.AbstractRemoteTestNG.run(AbstractRemoteTestNG.java:115)
at org.testng.remote.RemoteTestNG.initAndRun(RemoteTestNG.java:293)
at org.testng.remote.RemoteTestNG.main(RemoteTestNG.java:91)
]]>
            </full-stacktrace>
          </exception> <!-- java.lang.NullPointerException -->
          <reporter-output>
            <line>
              <![CDATA[After typing email continue btn is working]]>
            </line>
            <line>
              <![CDATA[My TestCase is fail]]>
            </line>
          </reporter-output>
        </test-method> <!-- SelectMultiplPassangers -->
        <test-method is-config="true" signature="Quit()[pri:0, instance:org.apache.maven.archetypes.maven_archetype_quickstart.TC09_SelectMultiplePassangers@65fb9ffc]" started-at="2024-10-17T12:51:23 IST" name="Quit" finished-at="2024-10-17T12:51:23 IST" duration-ms="1" status="PASS">
          <reporter-output>
          </reporter-output>
        </test-method> <!-- Quit -->
      </class> <!-- org.apache.maven.archetypes.maven_archetype_quickstart.TC09_SelectMultiplePassangers -->
      <class name="org.apache.maven.archetypes.maven_archetype_quickstart.TC3_InvalidLogin">
        <test-method is-config="true" signature="launchAirlLine()[pri:0, instance:org.apache.maven.archetypes.maven_archetype_quickstart.TC3_InvalidLogin@1573f9fc]" started-at="2024-10-17T12:54:00 IST" name="launchAirlLine" finished-at="2024-10-17T12:54:11 IST" duration-ms="10732" status="PASS">
          <reporter-output>
          </reporter-output>
        </test-method> <!-- launchAirlLine -->
        <test-method signature="Invalid_Login()[pri:0, instance:org.apache.maven.archetypes.maven_archetype_quickstart.TC3_InvalidLogin@1573f9fc]" started-at="2024-10-17T12:54:11 IST" name="Invalid_Login" finished-at="2024-10-17T12:54:15 IST" duration-ms="4746" status="FAIL">
          <exception class="org.openqa.selenium.NoSuchElementException">
            <message>
              <![CDATA[no such element: Unable to locate element: {"method":"css selector","selector":"#ap_password"}
  (Session info: chrome=130.0.6723.58)
For documentation on this error, please visit: https://www.selenium.dev/documentation/webdriver/troubleshooting/errors#no-such-element-exception
Build info: version: '4.23.1', revision: '656257d8e9'
System info: os.name: 'Windows 10', os.arch: 'amd64', os.version: '10.0', java.version: '17.0.10'
Driver info: org.openqa.selenium.chrome.ChromeDriver
Command: [2a6b47da8020032f219931810599b4fd, findElement {using=id, value=ap_password}]
Capabilities {acceptInsecureCerts: false, browserName: chrome, browserVersion: 130.0.6723.58, chrome: {chromedriverVersion: 130.0.6723.58 (3a50e012e4c9..., userDataDir: C:\Users\harsh\AppData\Loca...}, fedcm:accounts: true, goog:chromeOptions: {debuggerAddress: localhost:58669}, networkConnectionEnabled: false, pageLoadStrategy: normal, platformName: windows, proxy: Proxy(), se:cdp: ws://localhost:58669/devtoo..., se:cdpVersion: 130.0.6723.58, setWindowRect: true, strictFileInteractability: false, timeouts: {implicit: 0, pageLoad: 300000, script: 30000}, unhandledPromptBehavior: dismiss and notify, webauthn:extension:credBlob: true, webauthn:extension:largeBlob: true, webauthn:extension:minPinLength: true, webauthn:extension:prf: true, webauthn:virtualAuthenticators: true}
Session ID: 2a6b47da8020032f219931810599b4fd]]>
            </message>
            <full-stacktrace>
              <![CDATA[org.openqa.selenium.NoSuchElementException: no such element: Unable to locate element: {"method":"css selector","selector":"#ap_password"}
  (Session info: chrome=130.0.6723.58)
For documentation on this error, please visit: https://www.selenium.dev/documentation/webdriver/troubleshooting/errors#no-such-element-exception
Build info: version: '4.23.1', revision: '656257d8e9'
System info: os.name: 'Windows 10', os.arch: 'amd64', os.version: '10.0', java.version: '17.0.10'
Driver info: org.openqa.selenium.chrome.ChromeDriver
Command: [2a6b47da8020032f219931810599b4fd, findElement {using=id, value=ap_password}]
Capabilities {acceptInsecureCerts: false, browserName: chrome, browserVersion: 130.0.6723.58, chrome: {chromedriverVersion: 130.0.6723.58 (3a50e012e4c9..., userDataDir: C:\Users\harsh\AppData\Loca...}, fedcm:accounts: true, goog:chromeOptions: {debuggerAddress: localhost:58669}, networkConnectionEnabled: false, pageLoadStrategy: normal, platformName: windows, proxy: Proxy(), se:cdp: ws://localhost:58669/devtoo..., se:cdpVersion: 130.0.6723.58, setWindowRect: true, strictFileInteractability: false, timeouts: {implicit: 0, pageLoad: 300000, script: 30000}, unhandledPromptBehavior: dismiss and notify, webauthn:extension:credBlob: true, webauthn:extension:largeBlob: true, webauthn:extension:minPinLength: true, webauthn:extension:prf: true, webauthn:virtualAuthenticators: true}
Session ID: 2a6b47da8020032f219931810599b4fd
at jdk.internal.reflect.GeneratedConstructorAccessor17.newInstance(Unknown Source)
at java.base/jdk.internal.reflect.DelegatingConstructorAccessorImpl.newInstance(DelegatingConstructorAccessorImpl.java:45)
at java.base/java.lang.reflect.Constructor.newInstanceWithCaller(Constructor.java:499)
at java.base/java.lang.reflect.Constructor.newInstance(Constructor.java:480)
at org.openqa.selenium.remote.ErrorCodec.decode(ErrorCodec.java:167)
at org.openqa.selenium.remote.codec.w3c.W3CHttpResponseCodec.decode(W3CHttpResponseCodec.java:138)
at org.openqa.selenium.remote.codec.w3c.W3CHttpResponseCodec.decode(W3CHttpResponseCodec.java:50)
at org.openqa.selenium.remote.HttpCommandExecutor.execute(HttpCommandExecutor.java:190)
at org.openqa.selenium.remote.service.DriverCommandExecutor.invokeExecute(DriverCommandExecutor.java:216)
at org.openqa.selenium.remote.service.DriverCommandExecutor.execute(DriverCommandExecutor.java:174)
at org.openqa.selenium.remote.RemoteWebDriver.execute(RemoteWebDriver.java:545)
at org.openqa.selenium.remote.ElementLocation$ElementFinder$2.findElement(ElementLocation.java:165)
at org.openqa.selenium.remote.ElementLocation.findElement(ElementLocation.java:59)
at org.openqa.selenium.remote.RemoteWebDriver.findElement(RemoteWebDriver.java:368)
at org.openqa.selenium.remote.RemoteWebDriver.findElement(RemoteWebDriver.java:362)
at org.openqa.selenium.support.pagefactory.DefaultElementLocator.findElement(DefaultElementLocator.java:68)
at org.openqa.selenium.support.pagefactory.internal.LocatingElementHandler.invoke(LocatingElementHandler.java:38)
at jdk.proxy2/jdk.proxy2.$Proxy14.sendKeys(Unknown Source)
at org.apache.maven.archetypes.maven_archetype_quickstart.InvalidLogin.password(InvalidLogin.java:65)
at org.apache.maven.archetypes.maven_archetype_quickstart.TC3_InvalidLogin.Invalid_Login(TC3_InvalidLogin.java:17)
at java.base/jdk.internal.reflect.NativeMethodAccessorImpl.invoke0(Native Method)
at java.base/jdk.internal.reflect.NativeMethodAccessorImpl.invoke(NativeMethodAccessorImpl.java:77)
at java.base/jdk.internal.reflect.DelegatingMethodAccessorImpl.invoke(DelegatingMethodAccessorImpl.java:43)
at java.base/java.lang.reflect.Method.invoke(Method.java:568)
at org.testng.internal.invokers.MethodInvocationHelper.invokeMethod(MethodInvocationHelper.java:141)
at org.testng.internal.invokers.TestInvoker.invokeMethod(TestInvoker.java:686)
at org.testng.internal.invokers.TestInvoker.invokeTestMethod(TestInvoker.java:230)
at org.testng.internal.invokers.MethodRunner.runInSequence(MethodRunner.java:63)
at org.testng.internal.invokers.TestInvoker$MethodInvocationAgent.invoke(TestInvoker.java:992)
at org.testng.internal.invokers.TestInvoker.invokeTestMethods(TestInvoker.java:203)
at org.testng.internal.invokers.TestMethodWorker.invokeTestMethods(TestMethodWorker.java:154)
at org.testng.internal.invokers.TestMethodWorker.run(TestMethodWorker.java:134)
at java.base/java.util.ArrayList.forEach(ArrayList.java:1511)
at org.testng.TestRunner.privateRun(TestRunner.java:739)
at org.testng.TestRunner.run(TestRunner.java:614)
at org.testng.SuiteRunner.runTest(SuiteRunner.java:421)
at org.testng.SuiteRunner.runSequentially(SuiteRunner.java:413)
at org.testng.SuiteRunner.privateRun(SuiteRunner.java:373)
at org.testng.SuiteRunner.run(SuiteRunner.java:312)
at org.testng.SuiteRunnerWorker.runSuite(SuiteRunnerWorker.java:52)
at org.testng.SuiteRunnerWorker.run(SuiteRunnerWorker.java:95)
at org.testng.TestNG.runSuitesSequentially(TestNG.java:1274)
at org.testng.TestNG.runSuitesLocally(TestNG.java:1208)
at org.testng.TestNG.runSuites(TestNG.java:1112)
at org.testng.TestNG.run(TestNG.java:1079)
at org.testng.remote.AbstractRemoteTestNG.run(AbstractRemoteTestNG.java:115)
at org.testng.remote.RemoteTestNG.initAndRun(RemoteTestNG.java:293)
at org.testng.remote.RemoteTestNG.main(RemoteTestNG.java:91)
]]>
            </full-stacktrace>
          </exception> <!-- org.openqa.selenium.NoSuchElementException -->
          <reporter-output>
            <line>
              <![CDATA[Erroe message is displayed]]>
            </line>
            <line>
              <![CDATA[My TestCase is fail]]>
            </line>
          </reporter-output>
        </test-method> <!-- Invalid_Login -->
        <test-method is-config="true" signature="Quit()[pri:0, instance:org.apache.maven.archetypes.maven_archetype_quickstart.TC3_InvalidLogin@1573f9fc]" started-at="2024-10-17T12:54:16 IST" name="Quit" finished-at="2024-10-17T12:54:16 IST" duration-ms="0" status="PASS">
          <reporter-output>
          </reporter-output>
        </test-method> <!-- Quit -->
      </class> <!-- org.apache.maven.archetypes.maven_archetype_quickstart.TC3_InvalidLogin -->
    </test> <!-- Test -->
  </suite> <!-- Suite -->
</testng-results>
